Compiling the C compiler identification source file "CMakeCCompilerId.c" failed.
Compiler: /Library/Developer/CommandLineTools/usr/bin/cc 
Build flags: 
Id flags:  

The output was:
1
ld: library not found for -lSystem
clang: error: linker command failed with exit code 1 (use -v to see invocation)


Compiling the CXX compiler identification source file "CMakeCXXCompilerId.cpp" failed.
Compiler: /Library/Developer/CommandLineTools/usr/bin/c++ 
Build flags: 
Id flags:  

The output was:
1
ld: library not found for -lc++
clang: error: linker command failed with exit code 1 (use -v to see invocation)


Determining if the function crc32c_value exists in the crc32c failed with the following output:
Change Dir: /Users/cage/workspace/leveldb-1.22/cmake-build-debug/CMakeFiles/CMakeTmp

Run Build Command(s):/Applications/CLion.app/Contents/bin/ninja/mac/ninja cmTC_59613 && [1/2] Building C object CMakeFiles/cmTC_59613.dir/CheckFunctionExists.c.o
[2/2] Linking C executable cmTC_59613
FAILED: cmTC_59613 
: && /Library/Developer/CommandLineTools/usr/bin/cc -DCHECK_FUNCTION_EXISTS=crc32c_value -isysroot /Library/Developer/CommandLineTools/SDKs/MacOSX12.1.sdk -Wl,-search_paths_first -Wl,-headerpad_max_install_names  CMakeFiles/cmTC_59613.dir/CheckFunctionExists.c.o -o cmTC_59613  -lcrc32c && :
ld: library not found for -lcrc32c
clang: error: linker command failed with exit code 1 (use -v to see invocation)
ninja: build stopped: subcommand failed.



Determining if the function snappy_compress exists in the snappy failed with the following output:
Change Dir: /Users/cage/workspace/leveldb-1.22/cmake-build-debug/CMakeFiles/CMakeTmp

Run Build Command(s):/Applications/CLion.app/Contents/bin/ninja/mac/ninja cmTC_00705 && [1/2] Building C object CMakeFiles/cmTC_00705.dir/CheckFunctionExists.c.o
[2/2] Linking C executable cmTC_00705
FAILED: cmTC_00705 
: && /Library/Developer/CommandLineTools/usr/bin/cc -DCHECK_FUNCTION_EXISTS=snappy_compress -isysroot /Library/Developer/CommandLineTools/SDKs/MacOSX12.1.sdk -Wl,-search_paths_first -Wl,-headerpad_max_install_names  CMakeFiles/cmTC_00705.dir/CheckFunctionExists.c.o -o cmTC_00705  -lsnappy && :
ld: library not found for -lsnappy
clang: error: linker command failed with exit code 1 (use -v to see invocation)
ninja: build stopped: subcommand failed.



Determining if the function malloc exists in the tcmalloc failed with the following output:
Change Dir: /Users/cage/workspace/leveldb-1.22/cmake-build-debug/CMakeFiles/CMakeTmp

Run Build Command(s):/Applications/CLion.app/Contents/bin/ninja/mac/ninja cmTC_580d7 && [1/2] Building C object CMakeFiles/cmTC_580d7.dir/CheckFunctionExists.c.o
/Applications/CLion.app/Contents/bin/cmake/mac/share/cmake-3.21/Modules/CheckFunctionExists.c:7:3: warning: incompatible redeclaration of library function 'malloc' [-Wincompatible-library-redeclaration]
  CHECK_FUNCTION_EXISTS(void);
  ^
<command line>:1:31: note: expanded from here
#define CHECK_FUNCTION_EXISTS malloc
                              ^
/Applications/CLion.app/Contents/bin/cmake/mac/share/cmake-3.21/Modules/CheckFunctionExists.c:7:3: note: 'malloc' is a builtin with type 'void *(unsigned long)'
<command line>:1:31: note: expanded from here
#define CHECK_FUNCTION_EXISTS malloc
                              ^
1 warning generated.
[2/2] Linking C executable cmTC_580d7
FAILED: cmTC_580d7 
: && /Library/Developer/CommandLineTools/usr/bin/cc -DCHECK_FUNCTION_EXISTS=malloc -isysroot /Library/Developer/CommandLineTools/SDKs/MacOSX12.1.sdk -Wl,-search_paths_first -Wl,-headerpad_max_install_names  CMakeFiles/cmTC_580d7.dir/CheckFunctionExists.c.o -o cmTC_580d7  -ltcmalloc && :
ld: library not found for -ltcmalloc
clang: error: linker command failed with exit code 1 (use -v to see invocation)
ninja: build stopped: subcommand failed.



Determining if the fdatasync exist failed with the following output:
Change Dir: /Users/cage/workspace/leveldb-1.22/cmake-build-debug/CMakeFiles/CMakeTmp

Run Build Command(s):/Applications/CLion.app/Contents/bin/ninja/mac/ninja cmTC_fba9e && [1/2] Building CXX object CMakeFiles/cmTC_fba9e.dir/CheckSymbolExists.cxx.o
FAILED: CMakeFiles/cmTC_fba9e.dir/CheckSymbolExists.cxx.o 
/Library/Developer/CommandLineTools/usr/bin/c++   -isysroot /Library/Developer/CommandLineTools/SDKs/MacOSX12.1.sdk -std=c++11 -MD -MT CMakeFiles/cmTC_fba9e.dir/CheckSymbolExists.cxx.o -MF CMakeFiles/cmTC_fba9e.dir/CheckSymbolExists.cxx.o.d -o CMakeFiles/cmTC_fba9e.dir/CheckSymbolExists.cxx.o -c /Users/cage/workspace/leveldb-1.22/cmake-build-debug/CMakeFiles/CMakeTmp/CheckSymbolExists.cxx
/Users/cage/workspace/leveldb-1.22/cmake-build-debug/CMakeFiles/CMakeTmp/CheckSymbolExists.cxx:8:19: error: use of undeclared identifier 'fdatasync'
  return ((int*)(&fdatasync))[argc];
                  ^
1 error generated.
ninja: build stopped: subcommand failed.


File /Users/cage/workspace/leveldb-1.22/cmake-build-debug/CMakeFiles/CMakeTmp/CheckSymbolExists.cxx:
/* */
#include <unistd.h>

int main(int argc, char** argv)
{
  (void)argv;
#ifndef fdatasync
  return ((int*)(&fdatasync))[argc];
#else
  (void)argc;
  return 0;
#endif
}
Performing C++ SOURCE FILE Test HAVE_KYOTOCABINET failed with the following output:
Change Dir: /Users/cage/workspace/leveldb-1.22/cmake-build-debug/CMakeFiles/CMakeTmp

Run Build Command(s):/Applications/CLion.app/Contents/bin/ninja/mac/ninja cmTC_85d0a && [1/2] Building CXX object CMakeFiles/cmTC_85d0a.dir/src.cxx.o
FAILED: CMakeFiles/cmTC_85d0a.dir/src.cxx.o 
/Library/Developer/CommandLineTools/usr/bin/c++ -DHAVE_KYOTOCABINET  -isysroot /Library/Developer/CommandLineTools/SDKs/MacOSX12.1.sdk -std=c++11 -MD -MT CMakeFiles/cmTC_85d0a.dir/src.cxx.o -MF CMakeFiles/cmTC_85d0a.dir/src.cxx.o.d -o CMakeFiles/cmTC_85d0a.dir/src.cxx.o -c /Users/cage/workspace/leveldb-1.22/cmake-build-debug/CMakeFiles/CMakeTmp/src.cxx
/Users/cage/workspace/leveldb-1.22/cmake-build-debug/CMakeFiles/CMakeTmp/src.cxx:2:10: fatal error: 'kcpolydb.h' file not found
#include <kcpolydb.h>
         ^~~~~~~~~~~~
1 error generated.
ninja: build stopped: subcommand failed.


Source file was:

#include <kcpolydb.h>

int main() {
  kyotocabinet::TreeDB* db = new kyotocabinet::TreeDB();
  delete db;
  return 0;
}
  
